11:56:34 **** Build of configuration Debug for project dma_ex_fft ****
make all 
Building file: ../src/cplx_data.c
Invoking: ARM gcc compiler
arm-xilinx-eabi-gcc -Wall -O0 -g3 -c -fmessage-length=0 -MT"src/cplx_data.o" -I../../dma_ex_fft_bsp/ps7_cortexa9_0/include -MMD -MP -MF"src/cplx_data.d" -MT"src/cplx_data.d" -o "src/cplx_data.o" "../src/cplx_data.c"
Finished building: ../src/cplx_data.c
 
Building file: ../src/dma_accel.c
Invoking: ARM gcc compiler
arm-xilinx-eabi-gcc -Wall -O0 -g3 -c -fmessage-length=0 -MT"src/dma_accel.o" -I../../dma_ex_fft_bsp/ps7_cortexa9_0/include -MMD -MP -MF"src/dma_accel.d" -MT"src/dma_accel.d" -o "src/dma_accel.o" "../src/dma_accel.c"
Finished building: ../src/dma_accel.c
 
Building file: ../src/fft.c
Invoking: ARM gcc compiler
arm-xilinx-eabi-gcc -Wall -O0 -g3 -c -fmessage-length=0 -MT"src/fft.o" -I../../dma_ex_fft_bsp/ps7_cortexa9_0/include -MMD -MP -MF"src/fft.d" -MT"src/fft.d" -o "src/fft.o" "../src/fft.c"
Finished building: ../src/fft.c
 
Building file: ../src/helloworld.c
Invoking: ARM gcc compiler
arm-xilinx-eabi-gcc -Wall -O0 -g3 -c -fmessage-length=0 -MT"src/helloworld.o" -I../../dma_ex_fft_bsp/ps7_cortexa9_0/include -MMD -MP -MF"src/helloworld.d" -MT"src/helloworld.d" -o "src/helloworld.o" "../src/helloworld.c"
../src/helloworld.c:31:22: fatal error: platform.h: No such file or directory
 #include "platform.h"
                      ^
compilation terminated.
make: *** [src/helloworld.o] Error 1

11:56:35 Build Finished (took 715ms)

