11:40:31 **** Build of project standalone_bsp_0 ****
make -k all 
Running Make include in ps7_cortexa9_0/libsrc/axidma_v9_0/src
make -C ps7_cortexa9_0/libsrc/axidma_v9_0/src -s include  "SHELL=/bin/sh" "COMPILER=arm-xilinx-eabi-gcc" "ARCHIVER=arm-xilinx-eabi-ar" "COMPILER_FLAGS=  -O2 -c" "EXTRA_COMPILER_FLAGS=-g"
Running Make include in ps7_cortexa9_0/libsrc/coresightps_dcc_v1_2/src
make -C ps7_cortexa9_0/libsrc/coresightps_dcc_v1_2/src -s include  "SHELL=/bin/sh" "COMPILER=arm-xilinx-eabi-gcc" "ARCHIVER=arm-xilinx-eabi-ar" "COMPILER_FLAGS=  -O2 -c" "EXTRA_COMPILER_FLAGS=-g"
Running Make include in ps7_cortexa9_0/libsrc/cpu_cortexa9_v2_1/src
make -C ps7_cortexa9_0/libsrc/cpu_cortexa9_v2_1/src -s include  "SHELL=/bin/sh" "COMPILER=arm-xilinx-eabi-gcc" "ARCHIVER=arm-xilinx-eabi-ar" "COMPILER_FLAGS=  -O2 -c" "EXTRA_COMPILER_FLAGS=-g"
Running Make include in ps7_cortexa9_0/libsrc/ddrps_v1_0/src
make -C ps7_cortexa9_0/libsrc/ddrps_v1_0/src -s include  "SHELL=/bin/sh" "COMPILER=arm-xilinx-eabi-gcc" "ARCHIVER=arm-xilinx-eabi-ar" "COMPILER_FLAGS=  -O2 -c" "EXTRA_COMPILER_FLAGS=-g"
Running Make include in ps7_cortexa9_0/libsrc/devcfg_v3_3/src
make -C ps7_cortexa9_0/libsrc/devcfg_v3_3/src -s include  "SHELL=/bin/sh" "COMPILER=arm-xilinx-eabi-gcc" "ARCHIVER=arm-xilinx-eabi-ar" "COMPILER_FLAGS=  -O2 -c" "EXTRA_COMPILER_FLAGS=-g"
Running Make include in ps7_cortexa9_0/libsrc/dmaps_v2_1/src
make -C ps7_cortexa9_0/libsrc/dmaps_v2_1/src -s include  "SHELL=/bin/sh" "COMPILER=arm-xilinx-eabi-gcc" "ARCHIVER=arm-xilinx-eabi-ar" "COMPILER_FLAGS=  -O2 -c" "EXTRA_COMPILER_FLAGS=-g"
Running Make include in ps7_cortexa9_0/libsrc/emacps_v3_1/src
make -C ps7_cortexa9_0/libsrc/emacps_v3_1/src -s include  "SHELL=/bin/sh" "COMPILER=arm-xilinx-eabi-gcc" "ARCHIVER=arm-xilinx-eabi-ar" "COMPILER_FLAGS=  -O2 -c" "EXTRA_COMPILER_FLAGS=-g"
Running Make include in ps7_cortexa9_0/libsrc/gpiops_v3_1/src
make -C ps7_cortexa9_0/libsrc/gpiops_v3_1/src -s include  "SHELL=/bin/sh" "COMPILER=arm-xilinx-eabi-gcc" "ARCHIVER=arm-xilinx-eabi-ar" "COMPILER_FLAGS=  -O2 -c" "EXTRA_COMPILER_FLAGS=-g"
Running Make include in ps7_cortexa9_0/libsrc/gpio_v4_0/src
make -C ps7_cortexa9_0/libsrc/gpio_v4_0/src -s include  "SHELL=/bin/sh" "COMPILER=arm-xilinx-eabi-gcc" "ARCHIVER=arm-xilinx-eabi-ar" "COMPILER_FLAGS=  -O2 -c" "EXTRA_COMPILER_FLAGS=-g"
Running Make include in ps7_cortexa9_0/libsrc/lwip141_v1_3/src
make -C ps7_cortexa9_0/libsrc/lwip141_v1_3/src -s include  "SHELL=/bin/sh" "COMPILER=arm-xilinx-eabi-gcc" "ARCHIVER=arm-xilinx-eabi-ar" "COMPILER_FLAGS=  -O2 -c" "EXTRA_COMPILER_FLAGS=-g"
Running Make include in ps7_cortexa9_0/libsrc/qspips_v3_2/src
make -C ps7_cortexa9_0/libsrc/qspips_v3_2/src -s include  "SHELL=/bin/sh" "COMPILER=arm-xilinx-eabi-gcc" "ARCHIVER=arm-xilinx-eabi-ar" "COMPILER_FLAGS=  -O2 -c" "EXTRA_COMPILER_FLAGS=-g"
Running Make include in ps7_cortexa9_0/libsrc/scugic_v3_1/src
make -C ps7_cortexa9_0/libsrc/scugic_v3_1/src -s include  "SHELL=/bin/sh" "COMPILER=arm-xilinx-eabi-gcc" "ARCHIVER=arm-xilinx-eabi-ar" "COMPILER_FLAGS=  -O2 -c" "EXTRA_COMPILER_FLAGS=-g"
Running Make include in ps7_cortexa9_0/libsrc/scutimer_v2_1/src
make -C ps7_cortexa9_0/libsrc/scutimer_v2_1/src -s include  "SHELL=/bin/sh" "COMPILER=arm-xilinx-eabi-gcc" "ARCHIVER=arm-xilinx-eabi-ar" "COMPILER_FLAGS=  -O2 -c" "EXTRA_COMPILER_FLAGS=-g"
Running Make include in ps7_cortexa9_0/libsrc/scuwdt_v2_1/src
make -C ps7_cortexa9_0/libsrc/scuwdt_v2_1/src -s include  "SHELL=/bin/sh" "COMPILER=arm-xilinx-eabi-gcc" "ARCHIVER=arm-xilinx-eabi-ar" "COMPILER_FLAGS=  -O2 -c" "EXTRA_COMPILER_FLAGS=-g"
Running Make include in ps7_cortexa9_0/libsrc/sdps_v2_6/src
make -C ps7_cortexa9_0/libsrc/sdps_v2_6/src -s include  "SHELL=/bin/sh" "COMPILER=arm-xilinx-eabi-gcc" "ARCHIVER=arm-xilinx-eabi-ar" "COMPILER_FLAGS=  -O2 -c" "EXTRA_COMPILER_FLAGS=-g"
Running Make include in ps7_cortexa9_0/libsrc/standalone_v5_3/src
make -C ps7_cortexa9_0/libsrc/standalone_v5_3/src -s include  "SHELL=/bin/sh" "COMPILER=arm-xilinx-eabi-gcc" "ARCHIVER=arm-xilinx-eabi-ar" "COMPILER_FLAGS=  -O2 -c" "EXTRA_COMPILER_FLAGS=-g"
Running Make include in ps7_cortexa9_0/libsrc/ttcps_v3_0/src
make -C ps7_cortexa9_0/libsrc/ttcps_v3_0/src -s include  "SHELL=/bin/sh" "COMPILER=arm-xilinx-eabi-gcc" "ARCHIVER=arm-xilinx-eabi-ar" "COMPILER_FLAGS=  -O2 -c" "EXTRA_COMPILER_FLAGS=-g"
Running Make include in ps7_cortexa9_0/libsrc/uartps_v3_1/src
make -C ps7_cortexa9_0/libsrc/uartps_v3_1/src -s include  "SHELL=/bin/sh" "COMPILER=arm-xilinx-eabi-gcc" "ARCHIVER=arm-xilinx-eabi-ar" "COMPILER_FLAGS=  -O2 -c" "EXTRA_COMPILER_FLAGS=-g"
Running Make include in ps7_cortexa9_0/libsrc/usbps_v2_2/src
make -C ps7_cortexa9_0/libsrc/usbps_v2_2/src -s include  "SHELL=/bin/sh" "COMPILER=arm-xilinx-eabi-gcc" "ARCHIVER=arm-xilinx-eabi-ar" "COMPILER_FLAGS=  -O2 -c" "EXTRA_COMPILER_FLAGS=-g"
Running Make include in ps7_cortexa9_0/libsrc/xadcps_v2_2/src
make -C ps7_cortexa9_0/libsrc/xadcps_v2_2/src -s include  "SHELL=/bin/sh" "COMPILER=arm-xilinx-eabi-gcc" "ARCHIVER=arm-xilinx-eabi-ar" "COMPILER_FLAGS=  -O2 -c" "EXTRA_COMPILER_FLAGS=-g"
Running Make include in ps7_cortexa9_0/libsrc/xilffs_v3_1/src
make -C ps7_cortexa9_0/libsrc/xilffs_v3_1/src -s include  "SHELL=/bin/sh" "COMPILER=arm-xilinx-eabi-gcc" "ARCHIVER=arm-xilinx-eabi-ar" "COMPILER_FLAGS=  -O2 -c" "EXTRA_COMPILER_FLAGS=-g"
Running Make include in ps7_cortexa9_0/libsrc/xilflash_v4_1/src
make -C ps7_cortexa9_0/libsrc/xilflash_v4_1/src -s include  "SHELL=/bin/sh" "COMPILER=arm-xilinx-eabi-gcc" "ARCHIVER=arm-xilinx-eabi-ar" "COMPILER_FLAGS=  -O2 -c" "EXTRA_COMPILER_FLAGS=-g"
Running Make include in ps7_cortexa9_0/libsrc/xilisf_v5_4/src
make -C ps7_cortexa9_0/libsrc/xilisf_v5_4/src -s include  "SHELL=/bin/sh" "COMPILER=arm-xilinx-eabi-gcc" "ARCHIVER=arm-xilinx-eabi-ar" "COMPILER_FLAGS=  -O2 -c" "EXTRA_COMPILER_FLAGS=-g"
Running Make include in ps7_cortexa9_0/libsrc/xilmfs_v2_0/src
make -C ps7_cortexa9_0/libsrc/xilmfs_v2_0/src -s include  "SHELL=/bin/sh" "COMPILER=arm-xilinx-eabi-gcc" "ARCHIVER=arm-xilinx-eabi-ar" "COMPILER_FLAGS=  -O2 -c" "EXTRA_COMPILER_FLAGS=-g"
Running Make libs in ps7_cortexa9_0/libsrc/axidma_v9_0/src
make -C ps7_cortexa9_0/libsrc/axidma_v9_0/src -s libs  "SHELL=/bin/sh" "COMPILER=arm-xilinx-eabi-gcc" "ARCHIVER=arm-xilinx-eabi-ar" "COMPILER_FLAGS=  -O2 -c" "EXTRA_COMPILER_FLAGS=-g"
Compiling axidma
In file included from xaxidma.h:470:0,
                 from xaxidma.c:83:
xaxidma.c: In function 'XAxiDma_Reset':
xaxidma_bdring.h:238:26: warning: assignment makes pointer from integer without a cast
    (RingPtr)->BdaRestart =      \
                          ^
xaxidma.c:313:3: note: in expansion of macro 'XAxiDma_BdRingSnapShotCurrBd'
   XAxiDma_BdRingSnapShotCurrBd(TxRingPtr);
   ^
xaxidma_bdring.h:243:27: warning: assignment makes pointer from integer without a cast
     (RingPtr)->BdaRestart =     \
                           ^
xaxidma.c:313:3: note: in expansion of macro 'XAxiDma_BdRingSnapShotCurrBd'
   XAxiDma_BdRingSnapShotCurrBd(TxRingPtr);
   ^
xaxidma_bdring.h:248:27: warning: assignment makes pointer from integer without a cast
     (RingPtr)->BdaRestart =     \
                           ^
xaxidma.c:313:3: note: in expansion of macro 'XAxiDma_BdRingSnapShotCurrBd'
   XAxiDma_BdRingSnapShotCurrBd(TxRingPtr);
   ^
xaxidma_bdring.h:238:26: warning: assignment makes pointer from integer without a cast
    (RingPtr)->BdaRestart =      \
                          ^
xaxidma.c:319:4: note: in expansion of macro 'XAxiDma_BdRingSnapShotCurrBd'
    XAxiDma_BdRingSnapShotCurrBd(RxRingPtr);
    ^
xaxidma_bdring.h:243:27: warning: assignment makes pointer from integer without a cast
     (RingPtr)->BdaRestart =     \
                           ^
xaxidma.c:319:4: note: in expansion of macro 'XAxiDma_BdRingSnapShotCurrBd'
    XAxiDma_BdRingSnapShotCurrBd(RxRingPtr);
    ^
xaxidma_bdring.h:248:27: warning: assignment makes pointer from integer without a cast
     (RingPtr)->BdaRestart =     \
                           ^
xaxidma.c:319:4: note: in expansion of macro 'XAxiDma_BdRingSnapShotCurrBd'
    XAxiDma_BdRingSnapShotCurrBd(RxRingPtr);
    ^
arm-xilinx-eabi-ar: creating ../../../lib/libxil.a
Running Make libs in ps7_cortexa9_0/libsrc/coresightps_dcc_v1_2/src
make -C ps7_cortexa9_0/libsrc/coresightps_dcc_v1_2/src -s libs  "SHELL=/bin/sh" "COMPILER=arm-xilinx-eabi-gcc" "ARCHIVER=arm-xilinx-eabi-ar" "COMPILER_FLAGS=  -O2 -c" "EXTRA_COMPILER_FLAGS=-g"
Compiling coresightps_dcc
Running Make libs in ps7_cortexa9_0/libsrc/cpu_cortexa9_v2_1/src
make -C ps7_cortexa9_0/libsrc/cpu_cortexa9_v2_1/src -s libs  "SHELL=/bin/sh" "COMPILER=arm-xilinx-eabi-gcc" "ARCHIVER=arm-xilinx-eabi-ar" "COMPILER_FLAGS=  -O2 -c" "EXTRA_COMPILER_FLAGS=-g"
Compiling cpu_cortexa9
Running Make libs in ps7_cortexa9_0/libsrc/ddrps_v1_0/src
make -C ps7_cortexa9_0/libsrc/ddrps_v1_0/src -s libs  "SHELL=/bin/sh" "COMPILER=arm-xilinx-eabi-gcc" "ARCHIVER=arm-xilinx-eabi-ar" "COMPILER_FLAGS=  -O2 -c" "EXTRA_COMPILER_FLAGS=-g"
Compiling ddrps
Running Make libs in ps7_cortexa9_0/libsrc/devcfg_v3_3/src
make -C ps7_cortexa9_0/libsrc/devcfg_v3_3/src -s libs  "SHELL=/bin/sh" "COMPILER=arm-xilinx-eabi-gcc" "ARCHIVER=arm-xilinx-eabi-ar" "COMPILER_FLAGS=  -O2 -c" "EXTRA_COMPILER_FLAGS=-g"
Compiling devcfg
Running Make libs in ps7_cortexa9_0/libsrc/dmaps_v2_1/src
make -C ps7_cortexa9_0/libsrc/dmaps_v2_1/src -s libs  "SHELL=/bin/sh" "COMPILER=arm-xilinx-eabi-gcc" "ARCHIVER=arm-xilinx-eabi-ar" "COMPILER_FLAGS=  -O2 -c" "EXTRA_COMPILER_FLAGS=-g"
Compiling dmaps
Running Make libs in ps7_cortexa9_0/libsrc/emacps_v3_1/src
make -C ps7_cortexa9_0/libsrc/emacps_v3_1/src -s libs  "SHELL=/bin/sh" "COMPILER=arm-xilinx-eabi-gcc" "ARCHIVER=arm-xilinx-eabi-ar" "COMPILER_FLAGS=  -O2 -c" "EXTRA_COMPILER_FLAGS=-g"
Compiling emacps
Running Make libs in ps7_cortexa9_0/libsrc/gpiops_v3_1/src
make -C ps7_cortexa9_0/libsrc/gpiops_v3_1/src -s libs  "SHELL=/bin/sh" "COMPILER=arm-xilinx-eabi-gcc" "ARCHIVER=arm-xilinx-eabi-ar" "COMPILER_FLAGS=  -O2 -c" "EXTRA_COMPILER_FLAGS=-g"
Compiling gpiops
Running Make libs in ps7_cortexa9_0/libsrc/gpio_v4_0/src
make -C ps7_cortexa9_0/libsrc/gpio_v4_0/src -s libs  "SHELL=/bin/sh" "COMPILER=arm-xilinx-eabi-gcc" "ARCHIVER=arm-xilinx-eabi-ar" "COMPILER_FLAGS=  -O2 -c" "EXTRA_COMPILER_FLAGS=-g"
Compiling gpio
Running Make libs in ps7_cortexa9_0/libsrc/lwip141_v1_3/src
make -C ps7_cortexa9_0/libsrc/lwip141_v1_3/src -s libs  "SHELL=/bin/sh" "COMPILER=arm-xilinx-eabi-gcc" "ARCHIVER=arm-xilinx-eabi-ar" "COMPILER_FLAGS=  -O2 -c" "EXTRA_COMPILER_FLAGS=-g"
Compiling lwip src and adapter files
Running Make libs in ps7_cortexa9_0/libsrc/qspips_v3_2/src
make -C ps7_cortexa9_0/libsrc/qspips_v3_2/src -s libs  "SHELL=/bin/sh" "COMPILER=arm-xilinx-eabi-gcc" "ARCHIVER=arm-xilinx-eabi-ar" "COMPILER_FLAGS=  -O2 -c" "EXTRA_COMPILER_FLAGS=-g"
Compiling qspips
Running Make libs in ps7_cortexa9_0/libsrc/scugic_v3_1/src
make -C ps7_cortexa9_0/libsrc/scugic_v3_1/src -s libs  "SHELL=/bin/sh" "COMPILER=arm-xilinx-eabi-gcc" "ARCHIVER=arm-xilinx-eabi-ar" "COMPILER_FLAGS=  -O2 -c" "EXTRA_COMPILER_FLAGS=-g"
Compiling scugic
Running Make libs in ps7_cortexa9_0/libsrc/scutimer_v2_1/src
make -C ps7_cortexa9_0/libsrc/scutimer_v2_1/src -s libs  "SHELL=/bin/sh" "COMPILER=arm-xilinx-eabi-gcc" "ARCHIVER=arm-xilinx-eabi-ar" "COMPILER_FLAGS=  -O2 -c" "EXTRA_COMPILER_FLAGS=-g"
Compiling scutimer
Running Make libs in ps7_cortexa9_0/libsrc/scuwdt_v2_1/src
make -C ps7_cortexa9_0/libsrc/scuwdt_v2_1/src -s libs  "SHELL=/bin/sh" "COMPILER=arm-xilinx-eabi-gcc" "ARCHIVER=arm-xilinx-eabi-ar" "COMPILER_FLAGS=  -O2 -c" "EXTRA_COMPILER_FLAGS=-g"
Compiling scuwdt
Running Make libs in ps7_cortexa9_0/libsrc/sdps_v2_6/src
make -C ps7_cortexa9_0/libsrc/sdps_v2_6/src -s libs  "SHELL=/bin/sh" "COMPILER=arm-xilinx-eabi-gcc" "ARCHIVER=arm-xilinx-eabi-ar" "COMPILER_FLAGS=  -O2 -c" "EXTRA_COMPILER_FLAGS=-g"
Compiling sdps
Running Make libs in ps7_cortexa9_0/libsrc/standalone_v5_3/src
make -C ps7_cortexa9_0/libsrc/standalone_v5_3/src -s libs  "SHELL=/bin/sh" "COMPILER=arm-xilinx-eabi-gcc" "ARCHIVER=arm-xilinx-eabi-ar" "COMPILER_FLAGS=  -O2 -c" "EXTRA_COMPILER_FLAGS=-g"
Compiling standalone
Running Make libs in ps7_cortexa9_0/libsrc/ttcps_v3_0/src
make -C ps7_cortexa9_0/libsrc/ttcps_v3_0/src -s libs  "SHELL=/bin/sh" "COMPILER=arm-xilinx-eabi-gcc" "ARCHIVER=arm-xilinx-eabi-ar" "COMPILER_FLAGS=  -O2 -c" "EXTRA_COMPILER_FLAGS=-g"
Compiling ttcps
Running Make libs in ps7_cortexa9_0/libsrc/uartps_v3_1/src
make -C ps7_cortexa9_0/libsrc/uartps_v3_1/src -s libs  "SHELL=/bin/sh" "COMPILER=arm-xilinx-eabi-gcc" "ARCHIVER=arm-xilinx-eabi-ar" "COMPILER_FLAGS=  -O2 -c" "EXTRA_COMPILER_FLAGS=-g"
Compiling uartps
Running Make libs in ps7_cortexa9_0/libsrc/usbps_v2_2/src
make -C ps7_cortexa9_0/libsrc/usbps_v2_2/src -s libs  "SHELL=/bin/sh" "COMPILER=arm-xilinx-eabi-gcc" "ARCHIVER=arm-xilinx-eabi-ar" "COMPILER_FLAGS=  -O2 -c" "EXTRA_COMPILER_FLAGS=-g"
Compiling usbps
Running Make libs in ps7_cortexa9_0/libsrc/xadcps_v2_2/src
make -C ps7_cortexa9_0/libsrc/xadcps_v2_2/src -s libs  "SHELL=/bin/sh" "COMPILER=arm-xilinx-eabi-gcc" "ARCHIVER=arm-xilinx-eabi-ar" "COMPILER_FLAGS=  -O2 -c" "EXTRA_COMPILER_FLAGS=-g"
Compiling xadcps
Running Make libs in ps7_cortexa9_0/libsrc/xilffs_v3_1/src
make -C ps7_cortexa9_0/libsrc/xilffs_v3_1/src -s libs  "SHELL=/bin/sh" "COMPILER=arm-xilinx-eabi-gcc" "ARCHIVER=arm-xilinx-eabi-ar" "COMPILER_FLAGS=  -O2 -c" "EXTRA_COMPILER_FLAGS=-g"
Compiling XilFFs Library
Running Make libs in ps7_cortexa9_0/libsrc/xilflash_v4_1/src
make -C ps7_cortexa9_0/libsrc/xilflash_v4_1/src -s libs  "SHELL=/bin/sh" "COMPILER=arm-xilinx-eabi-gcc" "ARCHIVER=arm-xilinx-eabi-ar" "COMPILER_FLAGS=  -O2 -c" "EXTRA_COMPILER_FLAGS=-g"
Compiling XilFlash Library
Running Make libs in ps7_cortexa9_0/libsrc/xilisf_v5_4/src
make -C ps7_cortexa9_0/libsrc/xilisf_v5_4/src -s libs  "SHELL=/bin/sh" "COMPILER=arm-xilinx-eabi-gcc" "ARCHIVER=arm-xilinx-eabi-ar" "COMPILER_FLAGS=  -O2 -c" "EXTRA_COMPILER_FLAGS=-g"
Compiling XilIsf Library
xilisf.c: In function 'GetRealAddr':
xilisf.c:2144:4: error: 'SpaMicWinDevices' undeclared (first use in this function)
    SpaMicWinDevices[XIsf_FCTIndex].FlashDeviceSize) {
    ^
xilisf.c:2144:4: note: each undeclared identifier is reported only once for each function it appears in
make[1]: *** [xilisf.o] Error 1
xilisf_erase.c: In function 'SectorErase':
xilisf_erase.c:392:41: error: 'XISF_WRITE_ENABLE' undeclared (first use in this function)
  Status = XIsf_WriteEnable(InstancePtr, XISF_WRITE_ENABLE);
                                         ^
xilisf_erase.c:392:41: note: each undeclared identifier is reported only once for each function it appears in
make[1]: *** [xilisf_erase.o] Error 1
xilisf_write.c: In function 'WriteData':
xilisf_write.c:500:41: error: 'XISF_WRITE_ENABLE' undeclared (first use in this function)
  Status = XIsf_WriteEnable(InstancePtr, XISF_WRITE_ENABLE);
Running Make libs in ps7_cortexa9_0/libsrc/xilmfs_v2_0/src
                                         ^
xilisf_write.c:500:41: note: each undeclared identifier is reported only once for each function it appears in
make -C ps7_cortexa9_0/libsrc/xilmfs_v2_0/src -s libs  "SHELL=/bin/sh" "COMPILER=arm-xilinx-eabi-gcc" "ARCHIVER=arm-xilinx-eabi-ar" "COMPILER_FLAGS=  -O2 -c" "EXTRA_COMPILER_FLAGS=-g"
make[1]: *** [xilisf_write.o] Error 1
make[1]: Target `libs' not remade because of errors.
make: *** [ps7_cortexa9_0/libsrc/xilisf_v5_4/src/make.libs] Error 2
make: Target `all' not remade because of errors.

11:40:50 Build Finished (took 18s.598ms)

