#-----------------------------------------------------------
# Webtalk v2015.4 (64-bit)
# SW Build 1412921 on Wed Nov 18 09:44:32 MST 2015
# 
# Start of session at: Mon May 30 11:34:46 2016
# Process ID: 10801
# Current directory: /homes/asheim/Documents/DS/FPGA/dma_ex_fft/proj/dma_ex_fft_v2_0/dma_ex_fft_v2_0.sdk/webtalk
# Command line: wbtcv -mode batch -source sdk_webtalk.tcl
# Log file: /homes/asheim/Documents/DS/FPGA/dma_ex_fft/proj/dma_ex_fft_v2_0/dma_ex_fft_v2_0.sdk/webtalk/webtalk.log
# Journal file: /homes/asheim/Documents/DS/FPGA/dma_ex_fft/proj/dma_ex_fft_v2_0/dma_ex_fft_v2_0.sdk/webtalk/webtalk.jou
#-----------------------------------------------------------
source sdk_webtalk.tcl
# webtalk_init -webtalk_dir /homes/asheim/Documents/DS/FPGA/dma_ex_fft/proj/dma_ex_fft_v2_0/dma_ex_fft_v2_0.sdk/webtalk
# webtalk_register_client -client project
# webtalk_add_data -client project -key date_generated -value "Mon May 30 11:34:46 2016" -context "software_version_and_target_device"
# webtalk_add_data -client project -key product_version -value "SDK v2015.4" -context "software_version_and_target_device"
# webtalk_add_data -client project -key build_version -value "2015.4" -context "software_version_and_target_device"
# webtalk_add_data -client project -key os_platform -value "amd64" -context "software_version_and_target_device"
# webtalk_add_data -client project -key registration_id -value "" -context "software_version_and_target_device"
# webtalk_add_data -client project -key tool_flow -value "SDK" -context "software_version_and_target_device"
# webtalk_add_data -client project -key beta -value "false" -context "software_version_and_target_device"
# webtalk_add_data -client project -key route_design -value "NA" -context "software_version_and_target_device"
# webtalk_add_data -client project -key target_family -value "NA" -context "software_version_and_target_device"
# webtalk_add_data -client project -key target_device -value "NA" -context "software_version_and_target_device"
# webtalk_add_data -client project -key target_package -value "NA" -context "software_version_and_target_device"
# webtalk_add_data -client project -key target_speed -value "NA" -context "software_version_and_target_device"
# webtalk_add_data -client project -key random_id -value "8kl7dbeesb5h2q8o87nmbo7grt" -context "software_version_and_target_device"
# webtalk_add_data -client project -key project_id -value "2015.4_1" -context "software_version_and_target_device"
# webtalk_add_data -client project -key project_iteration -value "1" -context "software_version_and_target_device"
# webtalk_add_data -client project -key os_name -value "" -context "user_environment"
# webtalk_add_data -client project -key os_release -value "" -context "user_environment"
# webtalk_add_data -client project -key cpu_name -value "" -context "user_environment"
# webtalk_add_data -client project -key cpu_speed -value "" -context "user_environment"
# webtalk_add_data -client project -key total_processors -value "" -context "user_environment"
# webtalk_add_data -client project -key system_ram -value "" -context "user_environment"
# webtalk_register_client -client sdk
# webtalk_add_data -client sdk -key uid -value "1464599624000" -context "sdk\\\\hardware/1464599624000"
# webtalk_add_data -client sdk -key isZynq -value "true" -context "sdk\\\\hardware/1464599624000"
# webtalk_add_data -client sdk -key Processors -value "2" -context "sdk\\\\hardware/1464599624000"
# webtalk_add_data -client sdk -key VivadoVersion -value "2015.4" -context "sdk\\\\hardware/1464599624000"
# webtalk_add_data -client sdk -key Arch -value "zynq" -context "sdk\\\\hardware/1464599624000"
# webtalk_add_data -client sdk -key Device -value "7z010" -context "sdk\\\\hardware/1464599624000"
# webtalk_add_data -client sdk -key IsHandoff -value "true" -context "sdk\\\\hardware/1464599624000"
# webtalk_add_data -client sdk -key uid -value "1464599717000" -context "sdk\\\\application/1464599717000"
# webtalk_add_data -client sdk -key os -value "linux" -context "sdk\\\\application/1464599717000"
# webtalk_add_data -client sdk -key apptemplate -value "linux_hello_world" -context "sdk\\\\application/1464599717000"
# webtalk_add_data -client sdk -key uid -value "1464599810000" -context "sdk\\\\bsp/1464599810000"
# webtalk_add_data -client sdk -key hwid -value "1464599624000" -context "sdk\\\\bsp/1464599810000"
# webtalk_add_data -client sdk -key os -value "standalone" -context "sdk\\\\bsp/1464599810000"
# webtalk_add_data -client sdk -key apptemplate -value "null" -context "sdk\\\\bsp/1464599810000"
# webtalk_transmit -clientid 2463019613 -regid "" -xml /homes/asheim/Documents/DS/FPGA/dma_ex_fft/proj/dma_ex_fft_v2_0/dma_ex_fft_v2_0.sdk/webtalk/usage_statistics_ext_sdk.xml -html /homes/asheim/Documents/DS/FPGA/dma_ex_fft/proj/dma_ex_fft_v2_0/dma_ex_fft_v2_0.sdk/webtalk/usage_statistics_ext_sdk.html -wdm /homes/asheim/Documents/DS/FPGA/dma_ex_fft/proj/dma_ex_fft_v2_0/dma_ex_fft_v2_0.sdk/webtalk/sdk_webtalk.wdm -intro "<H3>SDK Usage Report</H3><BR>"
# webtalk_terminate
INFO: [Common 17-206] Exiting Webtalk at Mon May 30 11:34:47 2016...
