#-----------------------------------------------------------
# Webtalk v2015.4 (64-bit)
# SW Build 1412921 on Wed Nov 18 09:44:32 MST 2015
# 
# Start of session at: Mon May 30 13:25:29 2016
# Process ID: 27981
# Current directory: /homes/asheim/Documents/DS/FPGA/dma_ex_fft/proj/dma_ex_fft_v2_0/dma_ex_fft_v2_0.sdk/webtalk
# Command line: wbtcv -mode batch -source sdk_webtalk.tcl
# Log file: /homes/asheim/Documents/DS/FPGA/dma_ex_fft/proj/dma_ex_fft_v2_0/dma_ex_fft_v2_0.sdk/webtalk/webtalk.log
# Journal file: /homes/asheim/Documents/DS/FPGA/dma_ex_fft/proj/dma_ex_fft_v2_0/dma_ex_fft_v2_0.sdk/webtalk/webtalk.jou
#-----------------------------------------------------------
source sdk_webtalk.tcl
# webtalk_init -webtalk_dir /homes/asheim/Documents/DS/FPGA/dma_ex_fft/proj/dma_ex_fft_v2_0/dma_ex_fft_v2_0.sdk/webtalk
# webtalk_register_client -client project
# webtalk_add_data -client project -key date_generated -value "Mon May 30 13:25:28 2016" -context "software_version_and_target_device"
# webtalk_add_data -client project -key product_version -value "SDK v2015.4" -context "software_version_and_target_device"
# webtalk_add_data -client project -key build_version -value "2015.4" -context "software_version_and_target_device"
# webtalk_add_data -client project -key os_platform -value "amd64" -context "software_version_and_target_device"
# webtalk_add_data -client project -key registration_id -value "" -context "software_version_and_target_device"
# webtalk_add_data -client project -key tool_flow -value "SDK" -context "software_version_and_target_device"
# webtalk_add_data -client project -key beta -value "false" -context "software_version_and_target_device"
# webtalk_add_data -client project -key route_design -value "NA" -context "software_version_and_target_device"
# webtalk_add_data -client project -key target_family -value "NA" -context "software_version_and_target_device"
# webtalk_add_data -client project -key target_device -value "NA" -context "software_version_and_target_device"
# webtalk_add_data -client project -key target_package -value "NA" -context "software_version_and_target_device"
# webtalk_add_data -client project -key target_speed -value "NA" -context "software_version_and_target_device"
# webtalk_add_data -client project -key random_id -value "qdduspub7c55p1aj5ltksl8hb9" -context "software_version_and_target_device"
# webtalk_add_data -client project -key project_id -value "2015.4_2" -context "software_version_and_target_device"
# webtalk_add_data -client project -key project_iteration -value "2" -context "software_version_and_target_device"
# webtalk_add_data -client project -key os_name -value "" -context "user_environment"
# webtalk_add_data -client project -key os_release -value "" -context "user_environment"
# webtalk_add_data -client project -key cpu_name -value "" -context "user_environment"
# webtalk_add_data -client project -key cpu_speed -value "" -context "user_environment"
# webtalk_add_data -client project -key total_processors -value "" -context "user_environment"
# webtalk_add_data -client project -key system_ram -value "" -context "user_environment"
# webtalk_register_client -client sdk
# webtalk_add_data -client sdk -key uid -value "1464600955000" -context "sdk\\\\bsp/1464600955000"
# webtalk_add_data -client sdk -key hwid -value "1464599624000" -context "sdk\\\\bsp/1464600955000"
# webtalk_add_data -client sdk -key os -value "standalone" -context "sdk\\\\bsp/1464600955000"
# webtalk_add_data -client sdk -key apptemplate -value "hello_world" -context "sdk\\\\bsp/1464600955000"
# webtalk_add_data -client sdk -key uid -value "1464600985000" -context "sdk\\\\application/1464600985000"
# webtalk_add_data -client sdk -key hwid -value "1464599624000" -context "sdk\\\\application/1464600985000"
# webtalk_add_data -client sdk -key bspid -value "1464600955000" -context "sdk\\\\application/1464600985000"
# webtalk_add_data -client sdk -key newbsp -value "true" -context "sdk\\\\application/1464600985000"
# webtalk_add_data -client sdk -key os -value "standalone" -context "sdk\\\\application/1464600985000"
# webtalk_add_data -client sdk -key apptemplate -value "hello_world" -context "sdk\\\\application/1464600985000"
# webtalk_add_data -client sdk -key uid -value "1464601378000" -context "sdk\\\\bsp/1464601378000"
# webtalk_add_data -client sdk -key hwid -value "1464599624000" -context "sdk\\\\bsp/1464601378000"
# webtalk_add_data -client sdk -key os -value "standalone" -context "sdk\\\\bsp/1464601378000"
# webtalk_add_data -client sdk -key apptemplate -value "empty_application" -context "sdk\\\\bsp/1464601378000"
# webtalk_add_data -client sdk -key uid -value "1464601389000" -context "sdk\\\\application/1464601389000"
# webtalk_add_data -client sdk -key hwid -value "1464599624000" -context "sdk\\\\application/1464601389000"
# webtalk_add_data -client sdk -key bspid -value "1464601378000" -context "sdk\\\\application/1464601389000"
# webtalk_add_data -client sdk -key newbsp -value "true" -context "sdk\\\\application/1464601389000"
# webtalk_add_data -client sdk -key os -value "standalone" -context "sdk\\\\application/1464601389000"
# webtalk_add_data -client sdk -key apptemplate -value "empty_application" -context "sdk\\\\application/1464601389000"
# webtalk_add_data -client sdk -key uid -value "1464601761000" -context "sdk\\\\bsp/1464601761000"
# webtalk_add_data -client sdk -key hwid -value "1464599624000" -context "sdk\\\\bsp/1464601761000"
# webtalk_add_data -client sdk -key os -value "standalone" -context "sdk\\\\bsp/1464601761000"
# webtalk_add_data -client sdk -key apptemplate -value "hello_world" -context "sdk\\\\bsp/1464601761000"
# webtalk_add_data -client sdk -key uid -value "1464601787000" -context "sdk\\\\application/1464601787000"
# webtalk_add_data -client sdk -key hwid -value "1464599624000" -context "sdk\\\\application/1464601787000"
# webtalk_add_data -client sdk -key bspid -value "1464601761000" -context "sdk\\\\application/1464601787000"
# webtalk_add_data -client sdk -key newbsp -value "true" -context "sdk\\\\application/1464601787000"
# webtalk_add_data -client sdk -key os -value "standalone" -context "sdk\\\\application/1464601787000"
# webtalk_add_data -client sdk -key apptemplate -value "hello_world" -context "sdk\\\\application/1464601787000"
# webtalk_transmit -clientid 2024499807 -regid "" -xml /homes/asheim/Documents/DS/FPGA/dma_ex_fft/proj/dma_ex_fft_v2_0/dma_ex_fft_v2_0.sdk/webtalk/usage_statistics_ext_sdk.xml -html /homes/asheim/Documents/DS/FPGA/dma_ex_fft/proj/dma_ex_fft_v2_0/dma_ex_fft_v2_0.sdk/webtalk/usage_statistics_ext_sdk.html -wdm /homes/asheim/Documents/DS/FPGA/dma_ex_fft/proj/dma_ex_fft_v2_0/dma_ex_fft_v2_0.sdk/webtalk/sdk_webtalk.wdm -intro "<H3>SDK Usage Report</H3><BR>"
# webtalk_terminate
INFO: [Common 17-206] Exiting Webtalk at Mon May 30 13:25:29 2016...
